<?xml version="1.0" encoding="UTF-8"?>
<testsuites>
  <testsuite name="api" tests="3" assertions="0" failures="0" errors="3" time="0.005144">
    <testcase name="WeatherByCoord" file="/home/user/codception2.0/tests/api/WeatherByCoordCept.php" feature="find weather in city" assertions="0" time="0.002374">
      <error type="ErrorException">find weather in city (WeatherByCoordCept)
ErrorException: Undefined variable: coord

/home/user/codception2.0/tests/api/WeatherByCoordCept.php:4
/home/user/codception2.0/codecept.phar:7
</error>
    </testcase>
    <testcase name="WeatherInArea" file="/home/user/codception2.0/tests/api/WeatherInAreaCept.php" feature="find weather in city" assertions="0" time="0.001289">
      <error type="ErrorException">find weather in city (WeatherInAreaCept)
ErrorException: Undefined variable: area

/home/user/codception2.0/tests/api/WeatherInAreaCept.php:4
/home/user/codception2.0/codecept.phar:7
</error>
    </testcase>
    <testcase name="WeatherInCity" file="/home/user/codception2.0/tests/api/WeatherInCityCept.php" feature="find weather in city" assertions="0" time="0.001481">
      <error type="ErrorException">find weather in city (WeatherInCityCept)
ErrorException: Undefined variable: city

/home/user/codception2.0/tests/api/WeatherInCityCept.php:4
/home/user/codception2.0/codecept.phar:7
</error>
    </testcase>
  </testsuite>
</testsuites>
